# JRE version: Java(TM) SE Runtime Environment (8.0_201-b09) (build 1.8.0_201-b09)
# Java VM: Java HotSpot(TM) 64-Bit Server VM (25.201-b09 mixed mode windows-amd64 compressed oops)
Heap:
 PSYoungGen      total 489472K, used 273240K [0x0000000780d00000, 0x00000007a0080000, 0x00000007c0000000)
  eden space 470528K, 54% used [0x0000000780d00000,0x000000079055de50,0x000000079d880000)
  from space 18944K, 99% used [0x000000079eb80000,0x000000079fdf81b0,0x000000079fe00000)
  to   space 19456K, 0% used [0x000000079d880000,0x000000079d880000,0x000000079eb80000)
 ParOldGen       total 172032K, used 51441K [0x0000000702600000, 0x000000070ce00000, 0x0000000780d00000)
  object space 172032K, 29% used [0x0000000702600000,0x000000070583c480,0x000000070ce00000)
 Metaspace       used 77413K, capacity 80718K, committed 81024K, reserved 1120256K
  class space    used 10414K, capacity 11026K, committed 11136K, reserved 1048576K
GC Heap History (10 events):
Event: 7.100 GC heap before
{Heap before GC invocations=13 (full 2):
 PSYoungGen      total 364544K, used 364141K [0x0000000780d00000, 0x0000000798b00000, 0x00000007c0000000)
  eden space 350720K, 100% used [0x0000000780d00000,0x0000000796380000,0x0000000796380000)
  from space 13824K, 97% used [0x0000000797d80000,0x0000000798a9b5e8,0x0000000798b00000)
  to   space 16896K, 0% used [0x0000000796a00000,0x0000000796a00000,0x0000000797a80000)
 ParOldGen       total 111104K, used 19227K [0x0000000702600000, 0x0000000709280000, 0x0000000780d00000)
  object space 111104K, 17% used [0x0000000702600000,0x00000007038c6f10,0x0000000709280000)
 Metaspace       used 49212K, capacity 51240K, committed 51328K, reserved 1093632K
  class space    used 6613K, capacity 7014K, committed 7040K, reserved 1048576K
Event: 7.114 GC heap after
Heap after GC invocations=13 (full 2):
 PSYoungGen      total 374272K, used 16674K [0x0000000780d00000, 0x000000079fe00000, 0x00000007c0000000)
  eden space 357376K, 0% used [0x0000000780d00000,0x0000000780d00000,0x0000000796a00000)
  from space 16896K, 98% used [0x0000000796a00000,0x0000000797a48a10,0x0000000797a80000)
  to   space 18944K, 0% used [0x000000079eb80000,0x000000079eb80000,0x000000079fe00000)
 ParOldGen       total 111104K, used 25684K [0x0000000702600000, 0x0000000709280000, 0x0000000780d00000)
  object space 111104K, 23% used [0x0000000702600000,0x0000000703f150d0,0x0000000709280000)
 Metaspace       used 49212K, capacity 51240K, committed 51328K, reserved 1093632K
  class space    used 6613K, capacity 7014K, committed 7040K, reserved 1048576K
}
Event: 9.080 GC heap before
{Heap before GC invocations=14 (full 2):
 PSYoungGen      total 374272K, used 322325K [0x0000000780d00000, 0x000000079fe00000, 0x00000007c0000000)
  eden space 357376K, 85% used [0x0000000780d00000,0x000000079377cab0,0x0000000796a00000)
  from space 16896K, 98% used [0x0000000796a00000,0x0000000797a48a10,0x0000000797a80000)
  to   space 18944K, 0% used [0x000000079eb80000,0x000000079eb80000,0x000000079fe00000)
 ParOldGen       total 111104K, used 25684K [0x0000000702600000, 0x0000000709280000, 0x0000000780d00000)
  object space 111104K, 23% used [0x0000000702600000,0x0000000703f150d0,0x0000000709280000)
 Metaspace       used 56563K, capacity 58882K, committed 59028K, reserved 1099776K
  class space    used 7514K, capacity 7931K, committed 7936K, reserved 1048576K
Event: 9.094 GC heap after
Heap after GC invocations=14 (full 2):
 PSYoungGen      total 489472K, used 14061K [0x0000000780d00000, 0x00000007a0080000, 0x00000007c0000000)
  eden space 470528K, 0% used [0x0000000780d00000,0x0000000780d00000,0x000000079d880000)
  from space 18944K, 74% used [0x000000079eb80000,0x000000079f93b5c0,0x000000079fe00000)
  to   space 19456K, 0% used [0x000000079d880000,0x000000079d880000,0x000000079eb80000)
 ParOldGen       total 111104K, used 34926K [0x0000000702600000, 0x0000000709280000, 0x0000000780d00000)
  object space 111104K, 31% used [0x0000000702600000,0x000000070481b9f8,0x0000000709280000)
 Metaspace       used 56563K, capacity 58882K, committed 59028K, reserved 1099776K
  class space    used 7514K, capacity 7931K, committed 7936K, reserved 1048576K
}
Event: 9.095 GC heap before
{Heap before GC invocations=15 (full 3):
 PSYoungGen      total 489472K, used 14061K [0x0000000780d00000, 0x00000007a0080000, 0x00000007c0000000)
  eden space 470528K, 0% used [0x0000000780d00000,0x0000000780d00000,0x000000079d880000)
  from space 18944K, 74% used [0x000000079eb80000,0x000000079f93b5c0,0x000000079fe00000)
  to   space 19456K, 0% used [0x000000079d880000,0x000000079d880000,0x000000079eb80000)
 ParOldGen       total 111104K, used 34926K [0x0000000702600000, 0x0000000709280000, 0x0000000780d00000)
  object space 111104K, 31% used [0x0000000702600000,0x000000070481b9f8,0x0000000709280000)
 Metaspace       used 56563K, capacity 58882K, committed 59028K, reserved 1099776K
  class space    used 7514K, capacity 7931K, committed 7936K, reserved 1048576K
Event: 9.251 GC heap after
Heap after GC invocations=15 (full 3):
 PSYoungGen      total 489472K, used 0K [0x0000000780d00000, 0x00000007a0080000, 0x00000007c0000000)
  eden space 470528K, 0% used [0x0000000780d00000,0x0000000780d00000,0x000000079d880000)
  from space 18944K, 0% used [0x000000079eb80000,0x000000079eb80000,0x000000079fe00000)
  to   space 19456K, 0% used [0x000000079d880000,0x000000079d880000,0x000000079eb80000)
 ParOldGen       total 172032K, used 44487K [0x0000000702600000, 0x000000070ce00000, 0x0000000780d00000)
  object space 172032K, 25% used [0x0000000702600000,0x0000000705171e08,0x000000070ce00000)
 Metaspace       used 56563K, capacity 58882K, committed 59028K, reserved 1099776K
  class space    used 7514K, capacity 7931K, committed 7936K, reserved 1048576K
}
Event: 11.284 GC heap before
{Heap before GC invocations=16 (full 3):
 PSYoungGen      total 489472K, used 470528K [0x0000000780d00000, 0x00000007a0080000, 0x00000007c0000000)
  eden space 470528K, 100% used [0x0000000780d00000,0x000000079d880000,0x000000079d880000)
  from space 18944K, 0% used [0x000000079eb80000,0x000000079eb80000,0x000000079fe00000)
  to   space 19456K, 0% used [0x000000079d880000,0x000000079d880000,0x000000079eb80000)
 ParOldGen       total 172032K, used 44487K [0x0000000702600000, 0x000000070ce00000, 0x0000000780d00000)
  object space 172032K, 25% used [0x0000000702600000,0x0000000705171e08,0x000000070ce00000)
 Metaspace       used 63027K, capacity 65670K, committed 65792K, reserved 1105920K
  class space    used 8361K, capacity 8840K, committed 8960K, reserved 1048576K
Event: 11.296 GC heap after
Heap after GC invocations=16 (full 3):
 PSYoungGen      total 489984K, used 17914K [0x0000000780d00000, 0x00000007a0080000, 0x00000007c0000000)
  eden space 470528K, 0% used [0x0000000780d00000,0x0000000780d00000,0x000000079d880000)
  from space 19456K, 92% used [0x000000079d880000,0x000000079e9fea00,0x000000079eb80000)
  to   space 18944K, 0% used [0x000000079eb80000,0x000000079eb80000,0x000000079fe00000)
 ParOldGen       total 172032K, used 44495K [0x0000000702600000, 0x000000070ce00000, 0x0000000780d00000)
  object space 172032K, 25% used [0x0000000702600000,0x0000000705173e08,0x000000070ce00000)
 Metaspace       used 63027K, capacity 65670K, committed 65792K, reserved 1105920K
  class space    used 8361K, capacity 8840K, committed 8960K, reserved 1048576K
}
Event: 13.648 GC heap before
{Heap before GC invocations=17 (full 3):
 PSYoungGen      total 489984K, used 488442K [0x0000000780d00000, 0x00000007a0080000, 0x00000007c0000000)
  eden space 470528K, 100% used [0x0000000780d00000,0x000000079d880000,0x000000079d880000)
  from space 19456K, 92% used [0x000000079d880000,0x000000079e9fea00,0x000000079eb80000)
  to   space 18944K, 0% used [0x000000079eb80000,0x000000079eb80000,0x000000079fe00000)
 ParOldGen       total 172032K, used 44495K [0x0000000702600000, 0x000000070ce00000, 0x0000000780d00000)
  object space 172032K, 25% used [0x0000000702600000,0x0000000705173e08,0x000000070ce00000)
 Metaspace       used 67514K, capacity 70520K, committed 70656K, reserved 1110016K
  class space    used 9086K, capacity 9633K, committed 9728K, reserved 1048576K
Event: 13.664 GC heap after
Heap after GC invocations=17 (full 3):
 PSYoungGen      total 489472K, used 18912K [0x0000000780d00000, 0x00000007a0080000, 0x00000007c0000000)
  eden space 470528K, 0% used [0x0000000780d00000,0x0000000780d00000,0x000000079d880000)
  from space 18944K, 99% used [0x000000079eb80000,0x000000079fdf81b0,0x000000079fe00000)
  to   space 19456K, 0% used [0x000000079d880000,0x000000079d880000,0x000000079eb80000)
 ParOldGen       total 172032K, used 51441K [0x0000000702600000, 0x000000070ce00000, 0x0000000780d00000)
  object space 172032K, 29% used [0x0000000702600000,0x000000070583c480,0x000000070ce00000)
 Metaspace       used 67514K, capacity 70520K, committed 70656K, reserved 1110016K
  class space    used 9086K, capacity 9633K, committed 9728K, reserved 1048576K
}

