# JRE version: Java(TM) SE Runtime Environment (8.0_221-b11) (build 1.8.0_221-b11)
# Java VM: Java HotSpot(TM) 64-Bit Server VM (25.221-b11 mixed mode windows-amd64 compressed oops)
Heap:
 PSYoungGen      total 72704K, used 35519K [0x0000000780d00000, 0x0000000787a80000, 0x00000007c0000000)
  eden space 65024K, 54% used [0x0000000780d00000,0x0000000782faff50,0x0000000784c80000)
  from space 7680K, 0% used [0x0000000784c80000,0x0000000784c80000,0x0000000785400000)
  to   space 10240K, 0% used [0x0000000787080000,0x0000000787080000,0x0000000787a80000)
 ParOldGen       total 147456K, used 12396K [0x0000000702600000, 0x000000070b600000, 0x0000000780d00000)
  object space 147456K, 8% used [0x0000000702600000,0x000000070321b1a8,0x000000070b600000)
 Metaspace       used 37124K, capacity 37496K, committed 37760K, reserved 1083392K
  class space    used 4558K, capacity 4676K, committed 4736K, reserved 1048576K
GC Heap History (10 events):
Event: 1.692 GC heap before
{Heap before GC invocations=3 (full 1):
 PSYoungGen      total 56832K, used 7675K [0x0000000780d00000, 0x0000000784c00000, 0x00000007c0000000)
  eden space 49152K, 0% used [0x0000000780d00000,0x0000000780d00000,0x0000000783d00000)
  from space 7680K, 99% used [0x0000000784480000,0x0000000784bfeea8,0x0000000784c00000)
  to   space 7680K, 0% used [0x0000000783d00000,0x0000000783d00000,0x0000000784480000)
 ParOldGen       total 130048K, used 2245K [0x0000000702600000, 0x000000070a500000, 0x0000000780d00000)
  object space 130048K, 1% used [0x0000000702600000,0x0000000702831530,0x000000070a500000)
 Metaspace       used 20840K, capacity 21028K, committed 21296K, reserved 1069056K
  class space    used 2535K, capacity 2594K, committed 2688K, reserved 1048576K
Event: 1.713 GC heap after
Heap after GC invocations=3 (full 1):
 PSYoungGen      total 56832K, used 0K [0x0000000780d00000, 0x0000000784c00000, 0x00000007c0000000)
  eden space 49152K, 0% used [0x0000000780d00000,0x0000000780d00000,0x0000000783d00000)
  from space 7680K, 0% used [0x0000000784480000,0x0000000784480000,0x0000000784c00000)
  to   space 7680K, 0% used [0x0000000783d00000,0x0000000783d00000,0x0000000784480000)
 ParOldGen       total 93184K, used 9526K [0x0000000702600000, 0x0000000708100000, 0x0000000780d00000)
  object space 93184K, 10% used [0x0000000702600000,0x0000000702f4d9a0,0x0000000708100000)
 Metaspace       used 20840K, capacity 21028K, committed 21296K, reserved 1069056K
  class space    used 2535K, capacity 2594K, committed 2688K, reserved 1048576K
}
Event: 2.799 GC heap before
{Heap before GC invocations=4 (full 1):
 PSYoungGen      total 56832K, used 49152K [0x0000000780d00000, 0x0000000784c00000, 0x00000007c0000000)
  eden space 49152K, 100% used [0x0000000780d00000,0x0000000783d00000,0x0000000783d00000)
  from space 7680K, 0% used [0x0000000784480000,0x0000000784480000,0x0000000784c00000)
  to   space 7680K, 0% used [0x0000000783d00000,0x0000000783d00000,0x0000000784480000)
 ParOldGen       total 93184K, used 9526K [0x0000000702600000, 0x0000000708100000, 0x0000000780d00000)
  object space 93184K, 10% used [0x0000000702600000,0x0000000702f4d9a0,0x0000000708100000)
 Metaspace       used 27287K, capacity 27640K, committed 28032K, reserved 1073152K
  class space    used 3322K, capacity 3420K, committed 3456K, reserved 1048576K
Event: 2.803 GC heap after
Heap after GC invocations=4 (full 1):
 PSYoungGen      total 56832K, used 7678K [0x0000000780d00000, 0x0000000785b80000, 0x00000007c0000000)
  eden space 49152K, 0% used [0x0000000780d00000,0x0000000780d00000,0x0000000783d00000)
  from space 7680K, 99% used [0x0000000783d00000,0x000000078447fb10,0x0000000784480000)
  to   space 7680K, 0% used [0x0000000785400000,0x0000000785400000,0x0000000785b80000)
 ParOldGen       total 93184K, used 9584K [0x0000000702600000, 0x0000000708100000, 0x0000000780d00000)
  object space 93184K, 10% used [0x0000000702600000,0x0000000702f5c188,0x0000000708100000)
 Metaspace       used 27287K, capacity 27640K, committed 28032K, reserved 1073152K
  class space    used 3322K, capacity 3420K, committed 3456K, reserved 1048576K
}
Event: 3.079 GC heap before
{Heap before GC invocations=5 (full 1):
 PSYoungGen      total 56832K, used 56830K [0x0000000780d00000, 0x0000000785b80000, 0x00000007c0000000)
  eden space 49152K, 100% used [0x0000000780d00000,0x0000000783d00000,0x0000000783d00000)
  from space 7680K, 99% used [0x0000000783d00000,0x000000078447fb10,0x0000000784480000)
  to   space 7680K, 0% used [0x0000000785400000,0x0000000785400000,0x0000000785b80000)
 ParOldGen       total 93184K, used 9584K [0x0000000702600000, 0x0000000708100000, 0x0000000780d00000)
  object space 93184K, 10% used [0x0000000702600000,0x0000000702f5c188,0x0000000708100000)
 Metaspace       used 32628K, capacity 32960K, committed 33408K, reserved 1079296K
  class space    used 3992K, capacity 4122K, committed 4224K, reserved 1048576K
Event: 3.085 GC heap after
Heap after GC invocations=5 (full 1):
 PSYoungGen      total 72704K, used 7652K [0x0000000780d00000, 0x0000000786080000, 0x00000007c0000000)
  eden space 65024K, 0% used [0x0000000780d00000,0x0000000780d00000,0x0000000784c80000)
  from space 7680K, 99% used [0x0000000785400000,0x0000000785b791d0,0x0000000785b80000)
  to   space 7680K, 0% used [0x0000000784c80000,0x0000000784c80000,0x0000000785400000)
 ParOldGen       total 93184K, used 10318K [0x0000000702600000, 0x0000000708100000, 0x0000000780d00000)
  object space 93184K, 11% used [0x0000000702600000,0x00000007030138a8,0x0000000708100000)
 Metaspace       used 32628K, capacity 32960K, committed 33408K, reserved 1079296K
  class space    used 3992K, capacity 4122K, committed 4224K, reserved 1048576K
}
Event: 3.601 GC heap before
{Heap before GC invocations=6 (full 1):
 PSYoungGen      total 72704K, used 38202K [0x0000000780d00000, 0x0000000786080000, 0x00000007c0000000)
  eden space 65024K, 46% used [0x0000000780d00000,0x0000000782ad5888,0x0000000784c80000)
  from space 7680K, 99% used [0x0000000785400000,0x0000000785b791d0,0x0000000785b80000)
  to   space 7680K, 0% used [0x0000000784c80000,0x0000000784c80000,0x0000000785400000)
 ParOldGen       total 93184K, used 10318K [0x0000000702600000, 0x0000000708100000, 0x0000000780d00000)
  object space 93184K, 11% used [0x0000000702600000,0x00000007030138a8,0x0000000708100000)
 Metaspace       used 34761K, capacity 35074K, committed 35456K, reserved 1081344K
  class space    used 4282K, capacity 4393K, committed 4480K, reserved 1048576K
Event: 3.605 GC heap after
Heap after GC invocations=6 (full 1):
 PSYoungGen      total 72704K, used 7114K [0x0000000780d00000, 0x0000000787a80000, 0x00000007c0000000)
  eden space 65024K, 0% used [0x0000000780d00000,0x0000000780d00000,0x0000000784c80000)
  from space 7680K, 92% used [0x0000000784c80000,0x0000000785372a08,0x0000000785400000)
  to   space 10240K, 0% used [0x0000000787080000,0x0000000787080000,0x0000000787a80000)
 ParOldGen       total 93184K, used 10326K [0x0000000702600000, 0x0000000708100000, 0x0000000780d00000)
  object space 93184K, 11% used [0x0000000702600000,0x00000007030158a8,0x0000000708100000)
 Metaspace       used 34761K, capacity 35074K, committed 35456K, reserved 1081344K
  class space    used 4282K, capacity 4393K, committed 4480K, reserved 1048576K
}
Event: 3.605 GC heap before
{Heap before GC invocations=7 (full 2):
 PSYoungGen      total 72704K, used 7114K [0x0000000780d00000, 0x0000000787a80000, 0x00000007c0000000)
  eden space 65024K, 0% used [0x0000000780d00000,0x0000000780d00000,0x0000000784c80000)
  from space 7680K, 92% used [0x0000000784c80000,0x0000000785372a08,0x0000000785400000)
  to   space 10240K, 0% used [0x0000000787080000,0x0000000787080000,0x0000000787a80000)
 ParOldGen       total 93184K, used 10326K [0x0000000702600000, 0x0000000708100000, 0x0000000780d00000)
  object space 93184K, 11% used [0x0000000702600000,0x00000007030158a8,0x0000000708100000)
 Metaspace       used 34761K, capacity 35074K, committed 35456K, reserved 1081344K
  class space    used 4282K, capacity 4393K, committed 4480K, reserved 1048576K
Event: 3.638 GC heap after
Heap after GC invocations=7 (full 2):
 PSYoungGen      total 72704K, used 0K [0x0000000780d00000, 0x0000000787a80000, 0x00000007c0000000)
  eden space 65024K, 0% used [0x0000000780d00000,0x0000000780d00000,0x0000000784c80000)
  from space 7680K, 0% used [0x0000000784c80000,0x0000000784c80000,0x0000000785400000)
  to   space 10240K, 0% used [0x0000000787080000,0x0000000787080000,0x0000000787a80000)
 ParOldGen       total 147456K, used 12396K [0x0000000702600000, 0x000000070b600000, 0x0000000780d00000)
  object space 147456K, 8% used [0x0000000702600000,0x000000070321b1a8,0x000000070b600000)
 Metaspace       used 34761K, capacity 35074K, committed 35456K, reserved 1081344K
  class space    used 4282K, capacity 4393K, committed 4480K, reserved 1048576K
}

